<?xml version="1.0" encoding="UTF-8"?>
<!-- Generated by org.testng.reporters.JUnitReportReporter -->
<testsuite hostname="IN-PG02H8SH" failures="0" tests="3" name="com.HttpRequest.get" time="3.307" errors="0" timestamp="2022-08-22T13:07:04 IST" skipped="2">
  <testcase classname="com.HttpRequest.get" name="GetBoard" time="3.307"/>
  <system-out/>
  <testcase classname="com.HttpRequest.get" name="GetBoardById">
    <skipped/>
  </testcase> <!-- GetBoardById -->
  <system-out/>
  <testcase classname="com.HttpRequest.get" name="GetCard">
    <skipped/>
  </testcase> <!-- GetCard -->
  <system-out/>
</testsuite> <!-- com.HttpRequest.get -->
