<?xml version="1.0" encoding="UTF-8"?>
<!-- Generated by org.testng.reporters.JUnitReportReporter -->
<testsuite hostname="IN-PG02H8SH" failures="0" tests="1" name="com.HttpRequest.delete" time="2.953" errors="0" timestamp="2022-08-21T00:10:58 IST" skipped="0">
  <testcase classname="com.HttpRequest.delete" name="DeleteBoard" time="2.953"/>
  <system-out/>
</testsuite> <!-- com.HttpRequest.delete -->
