<?xml version="1.0" encoding="UTF-8"?>
<!-- Generated by org.testng.reporters.JUnitReportReporter -->
<testsuite hostname="IN-PG02H8SH" failures="0" tests="1" name="com.HttpRequest.put" time="1.932" errors="0" timestamp="2022-08-21T12:55:29 IST" skipped="0">
  <testcase classname="com.HttpRequest.put" name="UpdateBoard" time="1.932"/>
  <system-out/>
</testsuite> <!-- com.HttpRequest.put -->
