<?xml version="1.0" encoding="UTF-8"?>
<!-- Generated by org.testng.reporters.JUnitReportReporter -->
<testsuite hostname="IN-PG02H8SH" failures="0" tests="4" name="com.HttpRequest.post" time="6.964" errors="0" timestamp="2022-08-22T17:18:20 IST" skipped="0">
  <testcase classname="com.HttpRequest.post" name="CreateBoard" time="3.063"/>
  <system-out/>
  <testcase classname="com.HttpRequest.post" name="GetBoard" time="0.981"/>
  <system-out/>
  <testcase classname="com.HttpRequest.post" name="UpdateBoard" time="1.900"/>
  <system-out/>
  <testcase classname="com.HttpRequest.post" name="DeleteBoard" time="1.020"/>
  <system-out/>
</testsuite> <!-- com.HttpRequest.post -->
