<?xml version="1.0" encoding="UTF-8"?>
<!-- Generated by org.testng.reporters.JUnitReportReporter -->
<testsuite hostname="IN-PG02H8SH" failures="0" tests="1" name="com.get.get" time="7.040" errors="0" timestamp="2022-08-18T18:34:03 IST" skipped="0">
  <testcase classname="com.get.get" name="GetCard" time="7.040"/>
  <system-out/>
</testsuite> <!-- com.get.get -->
